This file contains any messages produced by compilers while
running configure, to aid debugging if configure makes a mistake.

It was created by Octave-Forge image-acquisition package configure 0.1.0, which was
generated by GNU Autoconf 2.69.  Invocation command line was

  $ /tmp/portage/octave-packages/image-acquisition-0.2.2/work/image-acquisition/src/configure 

## --------- ##
## Platform. ##
## --------- ##

hostname = workstation
uname -m = x86_64
uname -r = 6.0.0-pf1
uname -s = Linux
uname -v = #3 SMP PREEMPT_DYNAMIC Wed Oct 12 15:02:56 EEST 2022

/usr/bin/uname -p = Intel(R) Core(TM) i7-4790K CPU @ 4.00GHz
/bin/uname -X     = unknown

/bin/arch              = unknown
/usr/bin/arch -k       = unknown
/usr/convex/getsysinfo = unknown
/usr/bin/hostinfo      = unknown
/bin/machine           = unknown
/usr/bin/oslevel       = unknown
/bin/universe          = unknown

PATH: /usr/local/sbin
PATH: /usr/local/bin
PATH: /usr/sbin
PATH: /usr/bin
PATH: /sbin
PATH: /bin
PATH: /opt/bin
PATH: /usr/lib/llvm/14/bin
PATH: /usr/lib64/opencascade/bin


## ----------- ##
## Core tests. ##
## ----------- ##

configure:2155: checking for g++
configure:2171: found /usr/bin/g++
configure:2182: result: g++
configure:2209: checking for C++ compiler version
configure:2218: g++ --version >&5
g++ (Gentoo 11.3.0 p7) 11.3.0
Copyright (C) 2021 Free Software Foundation, Inc.
This is free software; see the source for copying conditions.  There is NO
warranty; not even for MERCHANTABILITY or FITNESS FOR A PARTICULAR PURPOSE.

configure:2229: $? = 0
configure:2218: g++ -v >&5
Using built-in specs.
COLLECT_GCC=g++
COLLECT_LTO_WRAPPER=/usr/libexec/gcc/x86_64-pc-linux-gnu/11.3.0/lto-wrapper
Target: x86_64-pc-linux-gnu
Configured with: /tmp/portage/sys-devel/gcc-11.3.0/work/gcc-11.3.0/configure --host=x86_64-pc-linux-gnu --build=x86_64-pc-linux-gnu --prefix=/usr --bindir=/usr/x86_64-pc-linux-gnu/gcc-bin/11.3.0 --includedir=/usr/lib/gcc/x86_64-pc-linux-gnu/11.3.0/include --datadir=/usr/share/gcc-data/x86_64-pc-linux-gnu/11.3.0 --mandir=/usr/share/gcc-data/x86_64-pc-linux-gnu/11.3.0/man --infodir=/usr/share/gcc-data/x86_64-pc-linux-gnu/11.3.0/info --with-gxx-include-dir=/usr/lib/gcc/x86_64-pc-linux-gnu/11.3.0/include/g++-v11 --with-python-dir=/share/gcc-data/x86_64-pc-linux-gnu/11.3.0/python --enable-languages=c,c++,fortran --enable-obsolete --enable-secureplt --disable-werror --with-system-zlib --disable-nls --disable-libunwind-exceptions --enable-checking=release --with-bugurl=https://bugs.gentoo.org/ --with-pkgversion='Gentoo 11.3.0 p7' --disable-esp --enable-libstdcxx-time --disable-libstdcxx-pch --enable-shared --enable-threads=posix --enable-__cxa_atexit --enable-clocale=gnu --enable-multilib --with-multilib-list=m32,m64 --disable-fixed-point --enable-targets=all --enable-libgomp --disable-libssp --disable-libada --disable-cet --disable-systemtap --disable-valgrind-annotations --disable-vtable-verify --disable-libvtv --with-zstd --enable-lto --with-isl --disable-isl-version-check --enable-default-pie --enable-default-ssp --with-build-config=bootstrap-lto
Thread model: posix
Supported LTO compression algorithms: zlib zstd
gcc version 11.3.0 (Gentoo 11.3.0 p7) 
configure:2229: $? = 0
configure:2218: g++ -V >&5
g++: error: unrecognized command-line option '-V'
g++: fatal error: no input files
compilation terminated.
configure:2229: $? = 1
configure:2218: g++ -qversion >&5
g++: error: unrecognized command-line option '-qversion'; did you mean '--version'?
g++: fatal error: no input files
compilation terminated.
configure:2229: $? = 1
configure:2249: checking whether the C++ compiler works
configure:2271: g++    conftest.cpp  >&5
configure:2275: $? = 0
configure:2323: result: yes
configure:2326: checking for C++ compiler default output file name
configure:2328: result: a.out
configure:2334: checking for suffix of executables
configure:2341: g++ -o conftest    conftest.cpp  >&5
configure:2345: $? = 0
configure:2367: result: 
configure:2389: checking whether we are cross compiling
configure:2397: g++ -o conftest    conftest.cpp  >&5
configure:2401: $? = 0
configure:2408: ./conftest
configure:2412: $? = 0
configure:2427: result: no
configure:2432: checking for suffix of object files
configure:2454: g++ -c   conftest.cpp >&5

## ---------------- ##
## Cache variables. ##
## ---------------- ##

ac_cv_env_CCC_set=
ac_cv_env_CCC_value=
ac_cv_env_CPPFLAGS_set=
ac_cv_env_CPPFLAGS_value=
ac_cv_env_CXXCPP_set=
ac_cv_env_CXXCPP_value=
ac_cv_env_CXXFLAGS_set=
ac_cv_env_CXXFLAGS_value=
ac_cv_env_CXX_set=
ac_cv_env_CXX_value=
ac_cv_env_LDFLAGS_set=
ac_cv_env_LDFLAGS_value=
ac_cv_env_LIBS_set=
ac_cv_env_LIBS_value=
ac_cv_env_build_alias_set=
ac_cv_env_build_alias_value=
ac_cv_env_host_alias_set=
ac_cv_env_host_alias_value=
ac_cv_env_target_alias_set=
ac_cv_env_target_alias_value=
ac_cv_prog_ac_ct_CXX=g++

## ----------------- ##
## Output variables. ##
## ----------------- ##

CPPFLAGS=''
CXX='g++'
CXXCPP=''
CXXFLAGS=''
DEFS=''
ECHO_C=''
ECHO_N='-n'
ECHO_T=''
EGREP=''
EXEEXT=''
FLTK_CONFIG=''
GREP=''
HAVE_MKOCTFILE=''
LDFLAGS=''
LIBOBJS=''
LIBS=''
LTLIBOBJS=''
OBJEXT=''
PACKAGE_BUGREPORT='andy.weber.aw@gmail.com'
PACKAGE_NAME='Octave-Forge image-acquisition package'
PACKAGE_STRING='Octave-Forge image-acquisition package 0.1.0'
PACKAGE_TARNAME='octave-forge-image-acquisition-package'
PACKAGE_URL=''
PACKAGE_VERSION='0.1.0'
PATH_SEPARATOR=':'
SHELL='/bin/sh'
ac_ct_CXX='g++'
bindir='${exec_prefix}/bin'
build_alias=''
datadir='${datarootdir}'
datarootdir='${prefix}/share'
docdir='${datarootdir}/doc/${PACKAGE_TARNAME}'
dvidir='${docdir}'
exec_prefix='NONE'
host_alias=''
htmldir='${docdir}'
includedir='${prefix}/include'
infodir='${datarootdir}/info'
libdir='${exec_prefix}/lib'
libexecdir='${exec_prefix}/libexec'
localedir='${datarootdir}/locale'
localstatedir='${prefix}/var'
mandir='${datarootdir}/man'
oldincludedir='/usr/include'
pdfdir='${docdir}'
prefix='NONE'
program_transform_name='s,x,x,'
psdir='${docdir}'
sbindir='${exec_prefix}/sbin'
sharedstatedir='${prefix}/com'
sysconfdir='${prefix}/etc'
target_alias=''

## ----------- ##
## confdefs.h. ##
## ----------- ##

/* confdefs.h */
#define PACKAGE_NAME "Octave-Forge image-acquisition package"
#define PACKAGE_TARNAME "octave-forge-image-acquisition-package"
#define PACKAGE_VERSION "0.1.0"
#define PACKAGE_STRING "Octave-Forge image-acquisition package 0.1.0"
#define PACKAGE_BUGREPORT "andy.weber.aw@gmail.com"
#define PACKAGE_URL ""

configure: caught signal 2
configure: exit 1
